21:10:25.549 [main] INFO  testCases.TC004_ProductCategoryDisplayTest - pp.price.getText()$650 *includes tax
21:10:25.629 [main] INFO  testCases.TC004_ProductCategoryDisplayTest - pp.prodDescription.getText()The Motorola Google Nexus 6 is powered by 2.7GHz quad-core Qualcomm Snapdragon 805 processor and it comes with 3GB of RAM.
21:10:25.763 [main] INFO  testCases.TC004_ProductCategoryDisplayTest - Inside verifyAddToCart test method
21:11:02.652 [main] INFO  testCases.TC004_ProductCategoryDisplayTest - Product added.
21:11:14.667 [main] INFO  testCases.TC005_CartTest - Inside verifyDelete test method
21:12:49.841 [main] INFO  testCases.TC005_CartTest - Inside verifyPrice test method
21:13:49.947 [main] INFO  testCases.TC005_CartTest - there are no products in Cart and cannot execute this testcase verifyPrice
21:14:08.696 [main] INFO  testCases.TC007_LogoutTest - Inside verifyLogOutvisible test method
21:14:09.396 [main] INFO  testCases.TC007_LogoutTest - Inside verifyLogoutRedirect test method
21:15:14.528 [main] INFO  testCases.TC001_SignUpTest - Inside btnSignUpVisible test method
21:15:15.884 [main] INFO  testCases.TC001_SignUpTest - Inside btnSignUpClcikable test method
21:15:15.956 [main] INFO  testCases.TC001_SignUpTest - Inside verifySignUpBtn test method
21:15:24.508 [main] INFO  testCases.TC002_LoginTest - Inside verifyLoginVisible test method
21:15:24.586 [main] INFO  testCases.TC002_LoginTest - Inside verifyLoginClickable test method
21:15:24.648 [main] INFO  testCases.TC002_LoginTest - Inside verifyLogin test method
21:15:34.862 [main] INFO  testCases.TC003_HomeScreenTest - Inside verifyAllMenuDisplay test method
21:15:37.772 [main] INFO  testCases.TC003_HomeScreenTest - Inside verifyAllCategories test method
21:15:37.914 [main] INFO  testCases.TC003_HomeScreenTest - Inside verifyLogo test method
21:15:48.090 [main] INFO  testCases.TC004_ProductCategoryDisplayTest - Inside verifyClickProduct test method
21:15:49.042 [main] INFO  testCases.TC004_ProductCategoryDisplayTest - Inside verifyProductdetails test method
21:15:49.784 [main] INFO  testCases.TC004_ProductCategoryDisplayTest - pp.price.getText()$650 *includes tax
21:15:49.847 [main] INFO  testCases.TC004_ProductCategoryDisplayTest - pp.prodDescription.getText()The Motorola Google Nexus 6 is powered by 2.7GHz quad-core Qualcomm Snapdragon 805 processor and it comes with 3GB of RAM.
21:15:49.924 [main] INFO  testCases.TC004_ProductCategoryDisplayTest - Inside verifyAddToCart test method
21:16:27.543 [main] INFO  testCases.TC004_ProductCategoryDisplayTest - Product added.
21:16:39.910 [main] INFO  testCases.TC005_CartTest - Inside verifyDelete test method
21:16:45.609 [main] INFO  testCases.TC005_CartTest - Inside verifyPrice test method
21:17:45.782 [main] INFO  testCases.TC005_CartTest - there are no products in Cart and cannot execute this testcase verifyPrice
21:18:05.949 [main] INFO  testCases.TC007_LogoutTest - Inside verifyLogOutvisible test method
21:18:06.055 [main] INFO  testCases.TC007_LogoutTest - Inside verifyLogoutRedirect test method
21:18:57.621 [main] INFO  testCases.TC001_SignUpTest - Inside btnSignUpVisible test method
21:18:57.716 [main] INFO  testCases.TC001_SignUpTest - Inside btnSignUpClcikable test method
21:18:57.774 [main] INFO  testCases.TC001_SignUpTest - Inside verifySignUpBtn test method
21:19:02.922 [main] INFO  testCases.TC002_LoginTest - Inside verifyLoginVisible test method
21:19:02.975 [main] INFO  testCases.TC002_LoginTest - Inside verifyLoginClickable test method
21:19:03.036 [main] INFO  testCases.TC002_LoginTest - Inside verifyLogin test method
21:19:09.968 [main] INFO  testCases.TC003_HomeScreenTest - Inside verifyAllMenuDisplay test method
21:19:12.826 [main] INFO  testCases.TC003_HomeScreenTest - Inside verifyAllCategories test method
21:19:12.939 [main] INFO  testCases.TC003_HomeScreenTest - Inside verifyLogo test method
21:19:21.836 [main] INFO  testCases.TC004_ProductCategoryDisplayTest - Inside verifyClickProduct test method
21:19:21.872 [main] INFO  testCases.TC004_ProductCategoryDisplayTest - Inside verifyProductdetails test method
21:19:51.897 [main] INFO  testCases.TC004_ProductCategoryDisplayTest - Inside verifyAddToCart test method
21:20:02.698 [main] INFO  testCases.TC005_CartTest - Inside verifyDelete test method
21:20:49.964 [main] INFO  testCases.TC001_SignUpTest - Inside btnSignUpVisible test method
21:20:50.131 [main] INFO  testCases.TC001_SignUpTest - Inside btnSignUpClcikable test method
21:20:50.165 [main] INFO  testCases.TC001_SignUpTest - Inside verifySignUpBtn test method
21:20:55.947 [main] INFO  testCases.TC002_LoginTest - Inside verifyLoginVisible test method
21:20:56.013 [main] INFO  testCases.TC002_LoginTest - Inside verifyLoginClickable test method
21:20:56.081 [main] INFO  testCases.TC002_LoginTest - Inside verifyLogin test method
21:21:03.366 [main] INFO  testCases.TC003_HomeScreenTest - Inside verifyAllMenuDisplay test method
